<?xml version="1.0" encoding="UTF-8" ?>
<testsuite failures="0" time="0.071" errors="0" skipped="0" tests="1" name="com.example.maven.hibernate.HibernateXmlMappingExample.AppTest">
  <properties>
    <property name="java.runtime.name" value="Java(TM) SE Runtime Environment"/>
    <property name="sun.boot.library.path" value="C:\Java\jdk1.6.0_04\jre\bin"/>
    <property name="java.vm.version" value="10.0-b19"/>
    <property name="java.vm.vendor" value="Sun Microsystems Inc."/>
    <property name="java.vendor.url" value="http://java.sun.com/"/>
    <property name="path.separator" value=";"/>
    <property name="java.vm.name" value="Java HotSpot(TM) Client VM"/>
    <property name="file.encoding.pkg" value="sun.io"/>
    <property name="user.country" value="IN"/>
    <property name="sun.java.launcher" value="SUN_STANDARD"/>
    <property name="sun.os.patch.level" value=""/>
    <property name="java.vm.specification.name" value="Java Virtual Machine Specification"/>
    <property name="user.dir" value="E:\ReemaJoshi\Java\MavenHibernateSqlMapping\HibernateXmlMappingExample"/>
    <property name="java.runtime.version" value="1.6.0_04-b12"/>
    <property name="java.awt.graphicsenv" value="sun.awt.Win32GraphicsEnvironment"/>
    <property name="basedir" value="E:\ReemaJoshi\Java\MavenHibernateSqlMapping\HibernateXmlMappingExample"/>
    <property name="java.endorsed.dirs" value="C:\Java\jdk1.6.0_04\jre\lib\endorsed"/>
    <property name="os.arch" value="x86"/>
    <property name="surefire.real.class.path" value="C:\Users\HCL\AppData\Local\Temp\surefirebooter24932.jar"/>
    <property name="java.io.tmpdir" value="C:\Users\HCL\AppData\Local\Temp\"/>
    <property name="line.separator" value="
"/>
    <property name="java.vm.specification.vendor" value="Sun Microsystems Inc."/>
    <property name="user.variant" value=""/>
    <property name="os.name" value="Windows Vista"/>
    <property name="sun.jnu.encoding" value="Cp1252"/>
    <property name="java.library.path" value="C:\Java\jdk1.6.0_04\jre\bin;.;C:\windows\Sun\Java\bin;C:\windows\system32;C:\windows;C:\windows\system32;C:\windows;C:\windows\system32\Wbem;C:\ProgramData\Oracle\Java\javapath;C:\Program Files (x86)\Intel\iCLS Client\;C:\Program Files\Intel\iCLS Client\;C:\windows\System32\WindowsPowerShell\v1.0\;C:\Program Files\Intel\Intel(R) Management Engine Components\DAL;C:\Program Files\Intel\Intel(R) Management Engine Components\IPT;C:\Program Files (x86)\Intel\Intel(R) Management Engine Components\DAL;C:\Program Files (x86)\Intel\Intel(R) Management Engine Components\IPT;C:\Program Files (x86)\Common Files\lenovo\easyplussdk\bin;C:\ProgramData\Lenovo\ReadyApps;C:\Program Files\TortoiseSVN\bin;C:\Program Files\Microsoft SQL Server\110\DTS\Binn\;C:\Program Files (x86)\Microsoft SQL Server\110\Tools\Binn\;C:\Program Files\Microsoft SQL Server\110\Tools\Binn\;C:\Program Files (x86)\Microsoft SQL Server\110\Tools\Binn\ManagementStudio\;C:\Program Files (x86)\Microsoft Visual Studio 10.0\Common7\IDE\PrivateAssemblies\;C:\Program Files (x86)\Microsoft SQL Server\110\DTS\Binn\;E:\apache-maven-2.2.1\bin;C:\windows\system32;C:\windows;C:\windows\system32\Wbem;C:\ProgramData\Oracle\Java\javapath;C:\Program Files (x86)\Intel\iCLS Client\;C:\Program Files\Intel\iCLS Client\;C:\windows\System32\WindowsPowerShell\v1.0\;C:\Program Files\Intel\Intel(R) Management Engine Components\DAL;C:\Program Files\Intel\Intel(R) Management Engine Components\IPT;C:\Program Files (x86)\Intel\Intel(R) Management Engine Components\DAL;C:\Program Files (x86)\Intel\Intel(R) Management Engine Components\IPT;C:\Program Files (x86)\Common Files\lenovo\easyplussdk\bin;C:\ProgramData\Lenovo\ReadyApps;C:\Program Files\TortoiseSVN\bin;C:\Program Files\Microsoft SQL Server\110\DTS\Binn\;C:\Program Files (x86)\Microsoft SQL Server\110\Tools\Binn\;C:\Program Files\Microsoft SQL Server\110\Tools\Binn\;C:\Program Files (x86)\Microsoft SQL Server\110\Tools\Binn\ManagementStudio\;C:\Program Files (x86)\Microsoft Visual Studio 10.0\Common7\IDE\PrivateAssemblies\;C:\Program Files (x86)\Microsoft SQL Server\110\DTS\Binn\;E:\apache-maven-2;C:\Java\jdk1.6.0_04\bin;"/>
    <property name="surefire.test.class.path" value="E:\ReemaJoshi\Java\MavenHibernateSqlMapping\HibernateXmlMappingExample\target\test-classes;E:\ReemaJoshi\Java\MavenHibernateSqlMapping\HibernateXmlMappingExample\target\classes;E:\m2repo_uidai\junit\junit\3.8.1\junit-3.8.1.jar;E:\m2repo_uidai\mysql\mysql-connector-java\5.1.9\mysql-connector-java-5.1.9.jar;E:\m2repo_uidai\org\hibernate\hibernate-core\4.3.5.Final\hibernate-core-4.3.5.Final.jar;E:\m2repo_uidai\org\jboss\logging\jboss-logging\3.1.3.GA\jboss-logging-3.1.3.GA.jar;E:\m2repo_uidai\org\jboss\logging\jboss-logging-annotations\1.2.0.Beta1\jboss-logging-annotations-1.2.0.Beta1.jar;E:\m2repo_uidai\org\jboss\spec\javax\transaction\jboss-transaction-api_1.2_spec\1.0.0.Final\jboss-transaction-api_1.2_spec-1.0.0.Final.jar;E:\m2repo_uidai\dom4j\dom4j\1.6.1\dom4j-1.6.1.jar;E:\m2repo_uidai\xml-apis\xml-apis\1.0.b2\xml-apis-1.0.b2.jar;E:\m2repo_uidai\org\hibernate\common\hibernate-commons-annotations\4.0.4.Final\hibernate-commons-annotations-4.0.4.Final.jar;E:\m2repo_uidai\org\hibernate\javax\persistence\hibernate-jpa-2.1-api\1.0.0.Final\hibernate-jpa-2.1-api-1.0.0.Final.jar;E:\m2repo_uidai\org\javassist\javassist\3.18.1-GA\javassist-3.18.1-GA.jar;E:\m2repo_uidai\antlr\antlr\2.7.7\antlr-2.7.7.jar;E:\m2repo_uidai\org\jboss\jandex\1.1.0.Final\jandex-1.1.0.Final.jar;E:\m2repo_uidai\commons-logging\commons-logging\1.1.1\commons-logging-1.1.1.jar;E:\m2repo_uidai\commons-collections\commons-collections\3.2.1\commons-collections-3.2.1.jar;E:\m2repo_uidai\cglib\cglib\2.2\cglib-2.2.jar;E:\m2repo_uidai\asm\asm\3.1\asm-3.1.jar;E:\m2repo_uidai\javax\transaction\jta\1.1\jta-1.1.jar;"/>
    <property name="java.specification.name" value="Java Platform API Specification"/>
    <property name="java.class.version" value="50.0"/>
    <property name="sun.management.compiler" value="HotSpot Client Compiler"/>
    <property name="os.version" value="6.2"/>
    <property name="user.home" value="C:\Users\HCL"/>
    <property name="user.timezone" value=""/>
    <property name="java.awt.printerjob" value="sun.awt.windows.WPrinterJob"/>
    <property name="java.specification.version" value="1.6"/>
    <property name="file.encoding" value="Cp1252"/>
    <property name="user.name" value="HCL"/>
    <property name="java.class.path" value="E:\ReemaJoshi\Java\MavenHibernateSqlMapping\HibernateXmlMappingExample\target\test-classes;E:\ReemaJoshi\Java\MavenHibernateSqlMapping\HibernateXmlMappingExample\target\classes;E:\m2repo_uidai\junit\junit\3.8.1\junit-3.8.1.jar;E:\m2repo_uidai\mysql\mysql-connector-java\5.1.9\mysql-connector-java-5.1.9.jar;E:\m2repo_uidai\org\hibernate\hibernate-core\4.3.5.Final\hibernate-core-4.3.5.Final.jar;E:\m2repo_uidai\org\jboss\logging\jboss-logging\3.1.3.GA\jboss-logging-3.1.3.GA.jar;E:\m2repo_uidai\org\jboss\logging\jboss-logging-annotations\1.2.0.Beta1\jboss-logging-annotations-1.2.0.Beta1.jar;E:\m2repo_uidai\org\jboss\spec\javax\transaction\jboss-transaction-api_1.2_spec\1.0.0.Final\jboss-transaction-api_1.2_spec-1.0.0.Final.jar;E:\m2repo_uidai\dom4j\dom4j\1.6.1\dom4j-1.6.1.jar;E:\m2repo_uidai\xml-apis\xml-apis\1.0.b2\xml-apis-1.0.b2.jar;E:\m2repo_uidai\org\hibernate\common\hibernate-commons-annotations\4.0.4.Final\hibernate-commons-annotations-4.0.4.Final.jar;E:\m2repo_uidai\org\hibernate\javax\persistence\hibernate-jpa-2.1-api\1.0.0.Final\hibernate-jpa-2.1-api-1.0.0.Final.jar;E:\m2repo_uidai\org\javassist\javassist\3.18.1-GA\javassist-3.18.1-GA.jar;E:\m2repo_uidai\antlr\antlr\2.7.7\antlr-2.7.7.jar;E:\m2repo_uidai\org\jboss\jandex\1.1.0.Final\jandex-1.1.0.Final.jar;E:\m2repo_uidai\commons-logging\commons-logging\1.1.1\commons-logging-1.1.1.jar;E:\m2repo_uidai\commons-collections\commons-collections\3.2.1\commons-collections-3.2.1.jar;E:\m2repo_uidai\cglib\cglib\2.2\cglib-2.2.jar;E:\m2repo_uidai\asm\asm\3.1\asm-3.1.jar;E:\m2repo_uidai\javax\transaction\jta\1.1\jta-1.1.jar;"/>
    <property name="java.vm.specification.version" value="1.0"/>
    <property name="sun.arch.data.model" value="32"/>
    <property name="java.home" value="C:\Java\jdk1.6.0_04\jre"/>
    <property name="java.specification.vendor" value="Sun Microsystems Inc."/>
    <property name="user.language" value="en"/>
    <property name="awt.toolkit" value="sun.awt.windows.WToolkit"/>
    <property name="java.vm.info" value="mixed mode, sharing"/>
    <property name="java.version" value="1.6.0_04"/>
    <property name="java.ext.dirs" value="C:\Java\jdk1.6.0_04\jre\lib\ext;C:\windows\Sun\Java\lib\ext"/>
    <property name="sun.boot.class.path" value="C:\Java\jdk1.6.0_04\jre\lib\resources.jar;C:\Java\jdk1.6.0_04\jre\lib\rt.jar;C:\Java\jdk1.6.0_04\jre\lib\sunrsasign.jar;C:\Java\jdk1.6.0_04\jre\lib\jsse.jar;C:\Java\jdk1.6.0_04\jre\lib\jce.jar;C:\Java\jdk1.6.0_04\jre\lib\charsets.jar;C:\Java\jdk1.6.0_04\jre\classes"/>
    <property name="java.vendor" value="Sun Microsystems Inc."/>
    <property name="localRepository" value="E:/m2repo_uidai"/>
    <property name="file.separator" value="\"/>
    <property name="java.vendor.url.bug" value="http://java.sun.com/cgi-bin/bugreport.cgi"/>
    <property name="sun.cpu.endian" value="little"/>
    <property name="sun.io.unicode.encoding" value="UnicodeLittle"/>
    <property name="sun.desktop" value="windows"/>
    <property name="sun.cpu.isalist" value="pentium_pro+mmx pentium_pro pentium+mmx pentium i486 i386 i86"/>
  </properties>
  <testcase time="0.003" classname="com.example.maven.hibernate.HibernateXmlMappingExample.AppTest" name="testApp"/>
</testsuite>